Added Component: Designator=C1(0805_C)
Added Component: Designator=C2(0805_C)
Added Component: Designator=C3(0805_C)
Added Component: Designator=C4(0805_C)
Added Component: Designator=C6(0805_C)
Added Component: Designator=C7(0805_C)
Added Component: Designator=C8(0805_C)
Added Component: Designator=C9(0805_C)
Added Component: Designator=C10(0805_C)
Added Component: Designator=C11(0805_C)
Added Component: Designator=C12(0805_C)
Added Component: Designator=C13(0805_C)
Added Component: Designator=C14(0805_C)
Added Component: Designator=C15(0805_C)
Added Component: Designator=C16(0805_C)
Added Component: Designator=C17(0805_C)
Added Component: Designator=C18(0805_C)
Added Component: Designator=D2(0805_L)
Added Component: Designator=D3(0805_L)
Added Component: Designator=D4(0805_L)
Added Component: Designator=K1(SWT3*4)
Added Component: Designator=L1(0805_I)
Added Component: Designator=OS1(SMD-5032_4P)
Added Component: Designator=P1(HDR2X4)
Added Component: Designator=P2(HDR2X20)
Added Component: Designator=P3(HDR2X20)
Added Component: Designator=P4(HDR2X2)
Added Component: Designator=P6(HDR4)
Added Component: Designator=P7(HDR6)
Added Component: Designator=RST1(SWT3*4)
Added Component: Designator=S1(SWT10*6_P4)
Added Component: Designator=U1(QFP-100_14x14x05P)
Added Component: Designator=U3(SOT-223)
Added Pin To Net: NetName=GND Pin=C1-1
Added Pin To Net: NetName=NetC1_2 Pin=C1-2
Added Pin To Net: NetName=GND Pin=C2-1
Added Pin To Net: NetName=NetC2_2 Pin=C2-2
Added Pin To Net: NetName=GND Pin=C3-1
Added Pin To Net: NetName=VDDA Pin=C3-2
Added Pin To Net: NetName=VDDA Pin=C4-1
Added Pin To Net: NetName=GND Pin=C4-2
Added Pin To Net: NetName=RST Pin=C6-1
Added Pin To Net: NetName=GND Pin=C6-2
Added Pin To Net: NetName=GND Pin=C7-1
Added Pin To Net: NetName=OS_8M_IN Pin=C7-2
Added Pin To Net: NetName=GND Pin=C8-1
Added Pin To Net: NetName=OS_8M_OUT Pin=C8-2
Added Pin To Net: NetName=+5 Pin=C9-1
Added Pin To Net: NetName=GND Pin=C9-2
Added Pin To Net: NetName=GND Pin=C10-1
Added Pin To Net: NetName=+5 Pin=C10-2
Added Pin To Net: NetName=GND Pin=C11-1
Added Pin To Net: NetName=3.3 Pin=C11-2
Added Pin To Net: NetName=3.3 Pin=C12-1
Added Pin To Net: NetName=GND Pin=C12-2
Added Pin To Net: NetName=VCC Pin=C13-1
Added Pin To Net: NetName=GND Pin=C13-2
Added Pin To Net: NetName=VCC Pin=C14-1
Added Pin To Net: NetName=GND Pin=C14-2
Added Pin To Net: NetName=VCC Pin=C15-1
Added Pin To Net: NetName=GND Pin=C15-2
Added Pin To Net: NetName=VCC Pin=C16-1
Added Pin To Net: NetName=GND Pin=C16-2
Added Pin To Net: NetName=VCC Pin=C17-1
Added Pin To Net: NetName=GND Pin=C17-2
Added Pin To Net: NetName=VCC Pin=C18-1
Added Pin To Net: NetName=GND Pin=C18-2
Added Pin To Net: NetName=+5 Pin=D2-1
Added Pin To Net: NetName=NetD2_2 Pin=D2-2
Added Pin To Net: NetName=NetD3_1 Pin=D3-1
Added Pin To Net: NetName=GND Pin=D3-2
Added Pin To Net: NetName=NetD4_1 Pin=D4-1
Added Pin To Net: NetName=LED_PC0 Pin=D4-2
Added Pin To Net: NetName=KEY_PC1 Pin=K1-1
Added Pin To Net: NetName=GND Pin=K1-2
Added Pin To Net: NetName=3.3V Pin=L1-1
Added Pin To Net: NetName=VDDA Pin=L1-2
Added Pin To Net: NetName=OS_8M_IN Pin=OS1-1
Added Pin To Net: NetName=OS_8M_OUT Pin=OS1-2
Added Pin To Net: NetName=PA14 Pin=P1-1
Added Pin To Net: NetName=PA13 Pin=P1-2
Added Pin To Net: NetName=GND Pin=P1-3
Added Pin To Net: NetName=+5 Pin=P1-4
Added Pin To Net: NetName=PA10 Pin=P1-5
Added Pin To Net: NetName=PA9 Pin=P1-6
Added Pin To Net: NetName=NetP1_7 Pin=P1-7
Added Pin To Net: NetName=3.3V Pin=P1-8
Added Pin To Net: NetName=+5 Pin=P2-1
Added Pin To Net: NetName=+5 Pin=P2-2
Added Pin To Net: NetName=VCC Pin=P2-3
Added Pin To Net: NetName=VCC Pin=P2-4
Added Pin To Net: NetName=PA10 Pin=P2-5
Added Pin To Net: NetName=PA9 Pin=P2-6
Added Pin To Net: NetName=PC6 Pin=P2-7
Added Pin To Net: NetName=PD15 Pin=P2-8
Added Pin To Net: NetName=PC8 Pin=P2-9
Added Pin To Net: NetName=PC7 Pin=P2-10
Added Pin To Net: NetName=PA8 Pin=P2-11
Added Pin To Net: NetName=PC9 Pin=P2-12
Added Pin To Net: NetName=PA11 Pin=P2-13
Added Pin To Net: NetName=PA12 Pin=P2-14
Added Pin To Net: NetName=PC10 Pin=P2-15
Added Pin To Net: NetName=PA15 Pin=P2-16
Added Pin To Net: NetName=PC12 Pin=P2-17
Added Pin To Net: NetName=PC11 Pin=P2-18
Added Pin To Net: NetName=PD0 Pin=P2-19
Added Pin To Net: NetName=PD1 Pin=P2-20
Added Pin To Net: NetName=PD2 Pin=P2-21
Added Pin To Net: NetName=PD3 Pin=P2-22
Added Pin To Net: NetName=PD5 Pin=P2-23
Added Pin To Net: NetName=PD4 Pin=P2-24
Added Pin To Net: NetName=PD7 Pin=P2-25
Added Pin To Net: NetName=PD6 Pin=P2-26
Added Pin To Net: NetName=PB3 Pin=P2-27
Added Pin To Net: NetName=PB4 Pin=P2-28
Added Pin To Net: NetName=PB5 Pin=P2-29
Added Pin To Net: NetName=I2C1 Pin=P2-30
Added Pin To Net: NetName=I2C1 Pin=P2-31
Added Pin To Net: NetName=PB8 Pin=P2-32
Added Pin To Net: NetName=PB9 Pin=P2-33
Added Pin To Net: NetName=PE0 Pin=P2-34
Added Pin To Net: NetName=PE1 Pin=P2-35
Added Pin To Net: NetName=PE2 Pin=P2-36
Added Pin To Net: NetName=PE3 Pin=P2-37
Added Pin To Net: NetName=PE4 Pin=P2-38
Added Pin To Net: NetName=PE5 Pin=P2-39
Added Pin To Net: NetName=PE6 Pin=P2-40
Added Pin To Net: NetName=PD14 Pin=P3-1
Added Pin To Net: NetName=PD13 Pin=P3-2
Added Pin To Net: NetName=PD12 Pin=P3-3
Added Pin To Net: NetName=PD11 Pin=P3-4
Added Pin To Net: NetName=PD10 Pin=P3-5
Added Pin To Net: NetName=PD9 Pin=P3-6
Added Pin To Net: NetName=PD8 Pin=P3-7
Added Pin To Net: NetName=PB15 Pin=P3-8
Added Pin To Net: NetName=PB13 Pin=P3-9
Added Pin To Net: NetName=PB12 Pin=P3-10
Added Pin To Net: NetName=PB14 Pin=P3-11
Added Pin To Net: NetName=PB11 Pin=P3-12
Added Pin To Net: NetName=PB10 Pin=P3-13
Added Pin To Net: NetName=PE15 Pin=P3-14
Added Pin To Net: NetName=PE14 Pin=P3-15
Added Pin To Net: NetName=PE13 Pin=P3-16
Added Pin To Net: NetName=PE12 Pin=P3-17
Added Pin To Net: NetName=PE11 Pin=P3-18
Added Pin To Net: NetName=PE10 Pin=P3-19
Added Pin To Net: NetName=PE9 Pin=P3-20
Added Pin To Net: NetName=PE8 Pin=P3-21
Added Pin To Net: NetName=PE7 Pin=P3-22
Added Pin To Net: NetName=BOOT1 Pin=P3-23
Added Pin To Net: NetName=PB1 Pin=P3-24
Added Pin To Net: NetName=PB0 Pin=P3-25
Added Pin To Net: NetName=PC5 Pin=P3-26
Added Pin To Net: NetName=PC4 Pin=P3-27
Added Pin To Net: NetName=MISO Pin=P3-28
Added Pin To Net: NetName=MISO Pin=P3-29
Added Pin To Net: NetName=MISO Pin=P3-30
Added Pin To Net: NetName=PA4 Pin=P3-31
Added Pin To Net: NetName=PA3 Pin=P3-32
Added Pin To Net: NetName=PA2 Pin=P3-33
Added Pin To Net: NetName=PA1 Pin=P3-34
Added Pin To Net: NetName=PA0 Pin=P3-35
Added Pin To Net: NetName=LCD_SDA Pin=P3-36
Added Pin To Net: NetName=LCD_SCL Pin=P3-37
Added Pin To Net: NetName=KEY_PC1 Pin=P3-38
Added Pin To Net: NetName=LED_PC0 Pin=P3-39
Added Pin To Net: NetName=PC13 Pin=P3-40
Added Pin To Net: NetName=GND Pin=P4-1
Added Pin To Net: NetName=GND Pin=P4-2
Added Pin To Net: NetName=GND Pin=P4-3
Added Pin To Net: NetName=GND Pin=P4-4
Added Pin To Net: NetName=GND Pin=P6-1
Added Pin To Net: NetName=VCC Pin=P6-2
Added Pin To Net: NetName=LCD_SDA Pin=P6-3
Added Pin To Net: NetName=LCD_SCL Pin=P6-4
Added Pin To Net: NetName=+5 Pin=P7-2
Added Pin To Net: NetName=GND Pin=P7-3
Added Pin To Net: NetName=BT_RX Pin=P7-4
Added Pin To Net: NetName=BT_TX Pin=P7-5
Added Pin To Net: NetName=RST Pin=RST1-1
Added Pin To Net: NetName=GND Pin=RST1-2
Added Pin To Net: NetName=BOOT0 Pin=S1-1
Added Pin To Net: NetName=BOOT1 Pin=S1-2
Added Pin To Net: NetName=GND Pin=S1-3
Added Pin To Net: NetName=GND Pin=S1-4
Added Pin To Net: NetName=PE2 Pin=U1-1
Added Pin To Net: NetName=PE3 Pin=U1-2
Added Pin To Net: NetName=PE4 Pin=U1-3
Added Pin To Net: NetName=PE5 Pin=U1-4
Added Pin To Net: NetName=PE6 Pin=U1-5
Added Pin To Net: NetName=GND Pin=U1-6
Added Pin To Net: NetName=PC13 Pin=U1-7
Added Pin To Net: NetName=BT_RX Pin=U1-8
Added Pin To Net: NetName=BT_TX Pin=U1-9
Added Pin To Net: NetName=GND Pin=U1-10
Added Pin To Net: NetName=3.3V Pin=U1-11
Added Pin To Net: NetName=OS_8M_IN Pin=U1-12
Added Pin To Net: NetName=OS_8M_OUT Pin=U1-13
Added Pin To Net: NetName=RST Pin=U1-14
Added Pin To Net: NetName=LED_PC0 Pin=U1-15
Added Pin To Net: NetName=KEY_PC1 Pin=U1-16
Added Pin To Net: NetName=LCD_SCL Pin=U1-17
Added Pin To Net: NetName=LCD_SDA Pin=U1-18
Added Pin To Net: NetName=3.3V Pin=U1-19
Added Pin To Net: NetName=GND Pin=U1-20
Added Pin To Net: NetName=VDDA Pin=U1-21
Added Pin To Net: NetName=VDDA Pin=U1-22
Added Pin To Net: NetName=PA0 Pin=U1-23
Added Pin To Net: NetName=PA1 Pin=U1-24
Added Pin To Net: NetName=PA2 Pin=U1-25
Added Pin To Net: NetName=PA3 Pin=U1-26
Added Pin To Net: NetName=GND Pin=U1-27
Added Pin To Net: NetName=3.3V Pin=U1-28
Added Pin To Net: NetName=PA4 Pin=U1-29
Added Pin To Net: NetName=MISO Pin=U1-30
Added Pin To Net: NetName=MISO Pin=U1-31
Added Pin To Net: NetName=MISO Pin=U1-32
Added Pin To Net: NetName=PC4 Pin=U1-33
Added Pin To Net: NetName=PC5 Pin=U1-34
Added Pin To Net: NetName=PB0 Pin=U1-35
Added Pin To Net: NetName=PB1 Pin=U1-36
Added Pin To Net: NetName=BOOT1 Pin=U1-37
Added Pin To Net: NetName=PE7 Pin=U1-38
Added Pin To Net: NetName=PE8 Pin=U1-39
Added Pin To Net: NetName=PE9 Pin=U1-40
Added Pin To Net: NetName=PE10 Pin=U1-41
Added Pin To Net: NetName=PE11 Pin=U1-42
Added Pin To Net: NetName=PE12 Pin=U1-43
Added Pin To Net: NetName=PE13 Pin=U1-44
Added Pin To Net: NetName=PE14 Pin=U1-45
Added Pin To Net: NetName=PE15 Pin=U1-46
Added Pin To Net: NetName=PB10 Pin=U1-47
Added Pin To Net: NetName=PB11 Pin=U1-48
Added Pin To Net: NetName=NetC1_2 Pin=U1-49
Added Pin To Net: NetName=3.3V Pin=U1-50
Added Pin To Net: NetName=PB12 Pin=U1-51
Added Pin To Net: NetName=PB13 Pin=U1-52
Added Pin To Net: NetName=PB14 Pin=U1-53
Added Pin To Net: NetName=PB15 Pin=U1-54
Added Pin To Net: NetName=PD8 Pin=U1-55
Added Pin To Net: NetName=PD9 Pin=U1-56
Added Pin To Net: NetName=PD10 Pin=U1-57
Added Pin To Net: NetName=PD11 Pin=U1-58
Added Pin To Net: NetName=PD12 Pin=U1-59
Added Pin To Net: NetName=PD13 Pin=U1-60
Added Pin To Net: NetName=PD14 Pin=U1-61
Added Pin To Net: NetName=PD15 Pin=U1-62
Added Pin To Net: NetName=PC6 Pin=U1-63
Added Pin To Net: NetName=PC7 Pin=U1-64
Added Pin To Net: NetName=PC8 Pin=U1-65
Added Pin To Net: NetName=PC9 Pin=U1-66
Added Pin To Net: NetName=PA8 Pin=U1-67
Added Pin To Net: NetName=PA9 Pin=U1-68
Added Pin To Net: NetName=PA10 Pin=U1-69
Added Pin To Net: NetName=PA11 Pin=U1-70
Added Pin To Net: NetName=PA12 Pin=U1-71
Added Pin To Net: NetName=PA13 Pin=U1-72
Added Pin To Net: NetName=NetC2_2 Pin=U1-73
Added Pin To Net: NetName=GND Pin=U1-74
Added Pin To Net: NetName=3.3V Pin=U1-75
Added Pin To Net: NetName=PA14 Pin=U1-76
Added Pin To Net: NetName=PA15 Pin=U1-77
Added Pin To Net: NetName=PC10 Pin=U1-78
Added Pin To Net: NetName=PC11 Pin=U1-79
Added Pin To Net: NetName=PC12 Pin=U1-80
Added Pin To Net: NetName=PD0 Pin=U1-81
Added Pin To Net: NetName=PD1 Pin=U1-82
Added Pin To Net: NetName=PD2 Pin=U1-83
Added Pin To Net: NetName=PD3 Pin=U1-84
Added Pin To Net: NetName=PD4 Pin=U1-85
Added Pin To Net: NetName=PD5 Pin=U1-86
Added Pin To Net: NetName=PD6 Pin=U1-87
Added Pin To Net: NetName=PD7 Pin=U1-88
Added Pin To Net: NetName=PB3 Pin=U1-89
Added Pin To Net: NetName=PB4 Pin=U1-90
Added Pin To Net: NetName=PB5 Pin=U1-91
Added Pin To Net: NetName=I2C1 Pin=U1-92
Added Pin To Net: NetName=I2C1 Pin=U1-93
Added Pin To Net: NetName=BOOT0 Pin=U1-94
Added Pin To Net: NetName=PB8 Pin=U1-95
Added Pin To Net: NetName=PB9 Pin=U1-96
Added Pin To Net: NetName=PE0 Pin=U1-97
Added Pin To Net: NetName=PE1 Pin=U1-98
Added Pin To Net: NetName=GND Pin=U1-99
Added Pin To Net: NetName=3.3V Pin=U1-100
Added Pin To Net: NetName=+5 Pin=U3-1
Added Pin To Net: NetName=3.3 Pin=U3-2
Added Pin To Net: NetName=3.3 Pin=U3-2
Added Pin To Net: NetName=GND Pin=U3-3
Added Member To Class: ClassName=原理图 Member=Component C1 2.2uF
Added Member To Class: ClassName=原理图 Member=Component C2 2.2uF
Added Member To Class: ClassName=原理图 Member=Component C3 0.1uF
Added Member To Class: ClassName=原理图 Member=Component C4 10uF
Added Member To Class: ClassName=原理图 Member=Component C6 0.1uF
Added Member To Class: ClassName=原理图 Member=Component C7 22pF
Added Member To Class: ClassName=原理图 Member=Component C8 22pF
Added Member To Class: ClassName=原理图 Member=Component C9 10uF
Added Member To Class: ClassName=原理图 Member=Component C10 0.1uF
Added Member To Class: ClassName=原理图 Member=Component C11 10uF
Added Member To Class: ClassName=原理图 Member=Component C12 0.1uF
Added Member To Class: ClassName=原理图 Member=Component C13 0.1uF
Added Member To Class: ClassName=原理图 Member=Component C14 0.1uF
Added Member To Class: ClassName=原理图 Member=Component C15 0.1uF
Added Member To Class: ClassName=原理图 Member=Component C16 0.1uF
Added Member To Class: ClassName=原理图 Member=Component C17 0.1uF
Added Member To Class: ClassName=原理图 Member=Component C18 0.1uF
Added Member To Class: ClassName=原理图 Member=Component D2 LED
Added Member To Class: ClassName=原理图 Member=Component D3 LED
Added Member To Class: ClassName=原理图 Member=Component D4 LED
Added Member To Class: ClassName=原理图 Member=Component K1 按键
Added Member To Class: ClassName=原理图 Member=Component L1 10uh
Added Member To Class: ClassName=原理图 Member=Component OS1 晶振
Added Member To Class: ClassName=原理图 Member=Component P1 SWD & USART
Added Member To Class: ClassName=原理图 Member=Component P2 排针2*40P
Added Member To Class: ClassName=原理图 Member=Component P3 排针2*40P
Added Member To Class: ClassName=原理图 Member=Component P4 排针2*2P
Added Member To Class: ClassName=原理图 Member=Component P6 排针4P
Added Member To Class: ClassName=原理图 Member=Component P7 排针6P
Added Member To Class: ClassName=原理图 Member=Component RST1 按键
Added Member To Class: ClassName=原理图 Member=Component S1 SW-2
Added Member To Class: ClassName=原理图 Member=Component U1 STM32F407VE
Added Member To Class: ClassName=原理图 Member=Component U3 AMS1117_3.3
Added Room: Name=原理图
