Added Component: Designator=R1(0805_R)
Added Component: Designator=R2(0805_R)
Added Component: Designator=R3(0805_R)
Added Component: Designator=R4(0805_R)
Added Component: Designator=R5(0805_R)
Added Component: Designator=R6(0805_R)
Added Component: Designator=R7(0805_R)
Added Pin To Net: NetName=3.3V Pin=R1-1
Added Pin To Net: NetName=BOOT1 Pin=R1-2
Added Pin To Net: NetName=3.3V Pin=R2-1
Added Pin To Net: NetName=BOOT0 Pin=R2-2
Added Pin To Net: NetName=3.3V Pin=R3-1
Added Pin To Net: NetName=RST Pin=R3-2
Added Pin To Net: NetName=NetD2_2 Pin=R4-1
Added Pin To Net: NetName=GND Pin=R4-2
Added Pin To Net: NetName=NetP1_7 Pin=R5-1
Added Pin To Net: NetName=RST Pin=R5-2
Added Pin To Net: NetName=3.3V Pin=R6-1
Added Pin To Net: NetName=NetD3_1 Pin=R6-2
Added Pin To Net: NetName=3.3V Pin=R7-1
Added Pin To Net: NetName=NetD4_1 Pin=R7-2
Added Member To Class: ClassName=原理图 Member=Component R1 10K
Added Member To Class: ClassName=原理图 Member=Component R2 10K
Added Member To Class: ClassName=原理图 Member=Component R3 10K
Added Member To Class: ClassName=原理图 Member=Component R4 10K
Added Member To Class: ClassName=原理图 Member=Component R5 1.5K
Added Member To Class: ClassName=原理图 Member=Component R6 10K
Added Member To Class: ClassName=原理图 Member=Component R7 10K
