Added Component: Designator=C1(0805)
Added Component: Designator=C2(电解电容8*10.5)
Added Component: Designator=C3(0805)
Added Component: Designator=C4(0805)
Added Component: Designator=C5(0805)
Added Component: Designator=C6(0805)
Added Component: Designator=C7(电解电容10*10.5)
Added Component: Designator=C8(0805)
Added Component: Designator=C9(0805)
Added Component: Designator=C10(0805)
Added Component: Designator=C11(0805)
Added Component: Designator=C12(0805)
Added Component: Designator=C13(0805)
Added Component: Designator=D1(SMA(DO-214AC)_S2)
Added Component: Designator=D2(0805)
Added Component: Designator=L1(电感)
Added Component: Designator=P1(接线端子)
Added Component: Designator=P2(接线端子)
Added Component: Designator=P3(HDR6)
Added Component: Designator=R1(0805)
Added Component: Designator=R2(0805)
Added Component: Designator=R3(0805)
Added Component: Designator=R4(0805)
Added Component: Designator=R5(0805)
Added Component: Designator=R6(0805)
Added Component: Designator=R7(0805)
Added Component: Designator=R8(0805)
Added Component: Designator=R9(0805)
Added Component: Designator=R10(0805)
Added Component: Designator=R11(0805)
Added Component: Designator=R12(0805)
Added Component: Designator=R13(0805)
Added Component: Designator=RST1(SWT3*4)
Added Component: Designator=U1(SOT-223)
Added Component: Designator=U2(TO-263-5)
Added Component: Designator=U3(HDR2X4)
Added Component: Designator=U4(STM-LQFP48_L)
Add component (AddParameter): Name = "A/D Converter"; Value = "2x12-bit (10 Channel)"; VariantName = "[No Variations]"
Add component (AddParameter): Name = "ComponentLink1Description"; Value = "Manufacturer URL"; VariantName = "[No Variations]"
Add component (AddParameter): Name = "ComponentLink1URL"; Value = "http://www.st.com/web/en/home.html"; VariantName = "[No Variations]"
Add component (AddParameter): Name = "ComponentLink2Description"; Value = "Datasheet"; VariantName = "[No Variations]"
Add component (AddParameter): Name = "ComponentLink2URL"; Value = "http://www.st.com/st-web-ui/static/active/en/resource/technical/document/datasheet/CD00161566.pdf"; VariantName = "[No Variations]"
Add component (AddParameter): Name = "ComponentLink3Description"; Value = "Package Specification"; VariantName = "[No Variations]"
Add component (AddParameter): Name = "ComponentLink3URL"; Value = "http://www.st.com/st-web-ui/static/active/en/resource/technical/document/datasheet/DM00058181.pdf"; VariantName = "[No Variations]"
Add component (AddParameter): Name = "Core"; Value = "ARM Cortex-M3"; VariantName = "[No Variations]"
Add component (AddParameter): Name = "DatasheetVersion"; Value = "Rev. 16"; VariantName = "[No Variations]"
Add component (AddParameter): Name = "FLASH Size (Prog) (kB)"; Value = "64"; VariantName = "[No Variations]"
Add component (AddParameter): Name = "I/Os (High Current)"; Value = "37"; VariantName = "[No Variations]"
Add component (AddParameter): Name = "Internal RAM Size (kB)"; Value = "20"; VariantName = "[No Variations]"
Add component (AddParameter): Name = "Mounting Technology"; Value = "Surface Mount"; VariantName = "[No Variations]"
Add component (AddParameter): Name = "Operating Frequency(F) (Processor speed) (MHz)"; Value = "72"; VariantName = "[No Variations]"
Add component (AddParameter): Name = "PackageDescription"; Value = "48-Pin Low Profile Quad Flat Package, 7 x 7 mm Body, 0.5 mm Pitch"; VariantName = "[No Variations]"
Add component (AddParameter): Name = "PackageReference"; Value = "LQFP48"; VariantName = "[No Variations]"
Add component (AddParameter): Name = "PackageVersion"; Value = "Rev. 6, 06/2013"; VariantName = "[No Variations]"
Add component (AddParameter): Name = "Packing"; Value = "Tray"; VariantName = "[No Variations]"
Add component (AddParameter): Name = "PartNumber"; Value = "STM32F103C8T6"; VariantName = "[No Variations]"
Add component (AddParameter): Name = "Supplier 1"; Value = "Digi-Key"; VariantName = "[No Variations]"
Add component (AddParameter): Name = "Supplier 2"; Value = "Farnell"; VariantName = "[No Variations]"
Add component (AddParameter): Name = "Supplier 3"; Value = "Newark"; VariantName = "[No Variations]"
Add component (AddParameter): Name = "Supplier 4"; Value = "Newark"; VariantName = "[No Variations]"
Add component (AddParameter): Name = "Supplier 5"; Value = "Mouser"; VariantName = "[No Variations]"
Add component (AddParameter): Name = "Supplier Part Number 1"; Value = "497-6063-ND"; VariantName = "[No Variations]"
Add component (AddParameter): Name = "Supplier Part Number 2"; Value = "1447637"; VariantName = "[No Variations]"
Add component (AddParameter): Name = "Supplier Part Number 3"; Value = "59M2182"; VariantName = "[No Variations]"
Add component (AddParameter): Name = "Supplier Part Number 4"; Value = "57P1222"; VariantName = "[No Variations]"
Add component (AddParameter): Name = "Supplier Part Number 5"; Value = "511-STM32F103C8T6"; VariantName = "[No Variations]"
Add component (AddParameter): Name = "Supply Voltage(Vcc) min (V)"; Value = "2"; VariantName = "[No Variations]"
Added Component: Designator=U5(TO-263-5)
Added Component: Designator=Y1(SMD-5032_4P)
Added Pin To Net: NetName=+5 Pin=C1-2
Added Pin To Net: NetName=+5 Pin=C5-2
Added Pin To Net: NetName=+5 Pin=C6-2
Added Pin To Net: NetName=+5 Pin=C7-1
Added Pin To Net: NetName=+5 Pin=L1-2
Added Pin To Net: NetName=+5 Pin=R2-2
Added Pin To Net: NetName=+5 Pin=U1-1
Added Pin To Net: NetName=+5 Pin=U3-4
Added Net: Name=+5
Added Pin To Net: NetName=3.3V Pin=C3-2
Added Pin To Net: NetName=3.3V Pin=C4-2
Added Pin To Net: NetName=3.3V Pin=C8-2
Added Pin To Net: NetName=3.3V Pin=P3-2
Added Pin To Net: NetName=3.3V Pin=R13-1
Added Pin To Net: NetName=3.3V Pin=U1-2
Added Pin To Net: NetName=3.3V Pin=U1-2
Added Pin To Net: NetName=3.3V Pin=U3-8
Added Pin To Net: NetName=3.3V Pin=U4-1
Added Pin To Net: NetName=3.3V Pin=U4-9
Added Pin To Net: NetName=3.3V Pin=U4-24
Added Pin To Net: NetName=3.3V Pin=U4-36
Added Pin To Net: NetName=3.3V Pin=U4-48
Added Net: Name=3.3V
Added Pin To Net: NetName=5V Pin=C10-1
Added Pin To Net: NetName=5V Pin=D2-1
Added Net: Name=5V
Added Pin To Net: NetName=ADC1_IN1 Pin=R5-1
Added Pin To Net: NetName=ADC1_IN1 Pin=R8-1
Added Pin To Net: NetName=ADC1_IN1 Pin=U4-11
Added Net: Name=ADC1_IN1
Added Pin To Net: NetName=ADC2_IN2 Pin=U4-12
Added Net: Name=ADC2_IN2
Added Pin To Net: NetName=BOOT1 Pin=R7-2
Added Pin To Net: NetName=BOOT1 Pin=U4-19
Added Net: Name=BOOT1
Added Pin To Net: NetName=NetC1_1 Pin=C1-1
Added Pin To Net: NetName=NetC1_1 Pin=R1-1
Added Pin To Net: NetName=NetC1_1 Pin=R3-2
Added Pin To Net: NetName=NetC1_1 Pin=U2-4
Added Net: Name=NetC1_1
Added Pin To Net: NetName=NetC9_1 Pin=C9-1
Added Pin To Net: NetName=NetC9_1 Pin=R13-2
Added Pin To Net: NetName=NetC9_1 Pin=RST1-1
Added Pin To Net: NetName=NetC9_1 Pin=U4-7
Added Net: Name=NetC9_1
Added Pin To Net: NetName=NetC11_1 Pin=C11-1
Added Net: Name=NetC11_1
Added Pin To Net: NetName=NetC12_2 Pin=C12-2
Added Pin To Net: NetName=NetC12_2 Pin=U4-5
Added Pin To Net: NetName=NetC12_2 Pin=Y1-1
Added Net: Name=NetC12_2
Added Pin To Net: NetName=NetC13_2 Pin=C13-2
Added Pin To Net: NetName=NetC13_2 Pin=U4-6
Added Pin To Net: NetName=NetC13_2 Pin=Y1-2
Added Net: Name=NetC13_2
Added Pin To Net: NetName=NetD1_2 Pin=D1-2
Added Pin To Net: NetName=NetD1_2 Pin=L1-1
Added Pin To Net: NetName=NetD1_2 Pin=U2-2
Added Net: Name=NetD1_2
Added Pin To Net: NetName=NetD2_2 Pin=D2-2
Added Pin To Net: NetName=NetD2_2 Pin=R12-1
Added Net: Name=NetD2_2
Added Pin To Net: NetName=NetR1_2 Pin=R1-2
Added Pin To Net: NetName=NetR1_2 Pin=R2-1
Added Net: Name=NetR1_2
Added Pin To Net: NetName=NetR4_1 Pin=R4-1
Added Pin To Net: NetName=NetR4_1 Pin=U3-7
Added Net: Name=NetR4_1
Added Pin To Net: NetName=NetR5_2 Pin=R5-2
Added Pin To Net: NetName=NetR5_2 Pin=R6-1
Added Net: Name=NetR5_2
Added Pin To Net: NetName=NetR9_2 Pin=R9-2
Added Pin To Net: NetName=NetR9_2 Pin=R10-1
Added Net: Name=NetR9_2
Added Pin To Net: NetName=NetR11_1 Pin=R11-1
Added Pin To Net: NetName=NetR11_1 Pin=U4-44
Added Net: Name=NetR11_1
Added Pin To Net: NetName=OLED_DC Pin=P3-6
Added Pin To Net: NetName=OLED_DC Pin=U4-40
Added Net: Name=OLED_DC
Added Pin To Net: NetName=OLED_RST Pin=P3-5
Added Pin To Net: NetName=OLED_RST Pin=U4-41
Added Net: Name=OLED_RST
Added Pin To Net: NetName=OLED_SCL Pin=P3-3
Added Pin To Net: NetName=OLED_SCL Pin=U4-42
Added Net: Name=OLED_SCL
Added Pin To Net: NetName=OLED_SDA Pin=P3-4
Added Pin To Net: NetName=OLED_SDA Pin=U4-43
Added Net: Name=OLED_SDA
Added Pin To Net: NetName=SWCLK_PA14 Pin=U3-1
Added Pin To Net: NetName=SWCLK_PA14 Pin=U4-37
Added Net: Name=SWCLK_PA14
Added Pin To Net: NetName=SWDIO_PA13 Pin=U3-2
Added Pin To Net: NetName=SWDIO_PA13 Pin=U4-34
Added Net: Name=SWDIO_PA13
Added Pin To Net: NetName=USART1-RX Pin=U3-5
Added Pin To Net: NetName=USART1-RX Pin=U4-31
Added Net: Name=USART1-RX
Added Pin To Net: NetName=USART1-TX Pin=U3-6
Added Pin To Net: NetName=USART1-TX Pin=U4-30
Added Net: Name=USART1-TX
Added Pin To Net: NetName=VIN+ Pin=C2-1
Added Pin To Net: NetName=VIN+ Pin=P1-1
Added Pin To Net: NetName=VIN+ Pin=R6-2
Added Pin To Net: NetName=VIN+ Pin=U2-1
Added Net: Name=VIN+
Added Pin To Net: NetName=VIN- Pin=C2-2
Added Pin To Net: NetName=VIN- Pin=C3-1
Added Pin To Net: NetName=VIN- Pin=C4-1
Added Pin To Net: NetName=VIN- Pin=C5-1
Added Pin To Net: NetName=VIN- Pin=C6-1
Added Pin To Net: NetName=VIN- Pin=C7-2
Added Pin To Net: NetName=VIN- Pin=C8-1
Added Pin To Net: NetName=VIN- Pin=C9-2
Added Pin To Net: NetName=VIN- Pin=C10-2
Added Pin To Net: NetName=VIN- Pin=C11-2
Added Pin To Net: NetName=VIN- Pin=C12-1
Added Pin To Net: NetName=VIN- Pin=C13-1
Added Pin To Net: NetName=VIN- Pin=D1-1
Added Pin To Net: NetName=VIN- Pin=P1-2
Added Pin To Net: NetName=VIN- Pin=P3-1
Added Pin To Net: NetName=VIN- Pin=R3-1
Added Pin To Net: NetName=VIN- Pin=R4-2
Added Pin To Net: NetName=VIN- Pin=R7-1
Added Pin To Net: NetName=VIN- Pin=R8-2
Added Pin To Net: NetName=VIN- Pin=R9-1
Added Pin To Net: NetName=VIN- Pin=R10-2
Added Pin To Net: NetName=VIN- Pin=R11-2
Added Pin To Net: NetName=VIN- Pin=R12-2
Added Pin To Net: NetName=VIN- Pin=RST1-2
Added Pin To Net: NetName=VIN- Pin=U1-3
Added Pin To Net: NetName=VIN- Pin=U2-3
Added Pin To Net: NetName=VIN- Pin=U2-5
Added Pin To Net: NetName=VIN- Pin=U3-3
Added Pin To Net: NetName=VIN- Pin=U4-8
Added Pin To Net: NetName=VIN- Pin=U4-23
Added Pin To Net: NetName=VIN- Pin=U4-35
Added Pin To Net: NetName=VIN- Pin=U4-47
Added Pin To Net: NetName=VIN- Pin=U5-3
Added Pin To Net: NetName=VIN- Pin=U5-4
Added Pin To Net: NetName=VIN- Pin=U5-5
Added Net: Name=VIN-
Added Pin To Net: NetName=VOUT+ Pin=P2-2
Added Net: Name=VOUT+
Added Pin To Net: NetName=VOUT- Pin=P2-1
Added Pin To Net: NetName=VOUT- Pin=U5-1
Added Pin To Net: NetName=VOUT- Pin=U5-2
Added Net: Name=VOUT-
Added Class: Name=功率检测模块
Added Room: Name=功率检测模块
