Removed Pin From Net: NetName=ISNS- Pin=C10-1
Removed Pin From Net: NetName=GND Pin=C13-1
Removed Pin From Net: NetName=VISNS Pin=C14-1
Removed Pin From Net: NetName=VISNS Pin=C16-2
Removed Pin From Net: NetName=ISNS- Pin=C17-2
Removed Pin From Net: NetName=Vout Pin=C29-2
Removed Pin From Net: NetName=VISNS Pin=D3-2
Removed Pin From Net: NetName=Vout Pin=F3-2
Removed Pin From Net: NetName=ISNS- Pin=H1-3
Removed Pin From Net: NetName=VISNS Pin=H7-2
Removed Pin From Net: NetName=VISNS Pin=Q2-3
Removed Pin From Net: NetName=VISNS Pin=R6-2
Removed Pin From Net: NetName=ISNS- Pin=R8-1
Removed Pin From Net: NetName=ISNS- Pin=U3-3
Removed Pin From Net: NetName=ISNS- Pin=U3-4
Removed Pin From Net: NetName=ISNS- Pin=U5-2
Removed Pin From Net: NetName=Vout Pin=U5-12
Removed Pin From Net: NetName=Vout Pin=U5-24
Change Component Footprint: Designator=C28 Old Footprint=1206 New Footprint=0805_C
Change Component Footprint: Designator=C31 Old Footprint=1206 New Footprint=0805_C
Change Component Footprint: Designator=R5 Old Footprint=1206 New Footprint=0805_R
Change Component Designator: OldDesignator=C19 NewDesignator=C23
Change Component Designator: OldDesignator=C20 NewDesignator=C19
Change Component Designator: OldDesignator=C21 NewDesignator=C20
Change Component Designator: OldDesignator=C22 NewDesignator=C21
Change Component Designator: OldDesignator=C23 NewDesignator=C22
Change Component Designator: OldDesignator=C24 NewDesignator=C27
Change Component Designator: OldDesignator=C25 NewDesignator=C28
Change Component Designator: OldDesignator=C26 NewDesignator=C24
Change Component Designator: OldDesignator=C27 NewDesignator=C25
Change Component Designator: OldDesignator=C28 NewDesignator=C26
Change Component Designator: OldDesignator=D4 NewDesignator=D5
Change Component Designator: OldDesignator=D5 NewDesignator=D4
Change Component Designator: OldDesignator=H8 NewDesignator=H9
Change Component Designator: OldDesignator=H9 NewDesignator=H8
Change Component Designator: OldDesignator=L2 NewDesignator=L3
Change Component Designator: OldDesignator=L3 NewDesignator=L2
Change Component Designator: OldDesignator=R14 NewDesignator=R15
Change Component Designator: OldDesignator=R15 NewDesignator=R16
Change Component Designator: OldDesignator=R16 NewDesignator=R17
Change Component Designator: OldDesignator=R17 NewDesignator=R18
Change Component Designator: OldDesignator=R18 NewDesignator=R14
Added Pin To Net: NetName=GND Pin=C13-2
Added Pin To Net: NetName=ISNS- Pin=F3-2
Added Pin To Net: NetName=Vout Pin=Q2-3
Change Net Name : Old Net Name=NetC19_2 New Net Name=NetC23_2
Change Net Name : Old Net Name=NetC25_1 New Net Name=NetC28_1
Change Net Name : Old Net Name=NetC28_2 New Net Name=NetC26_2
Change Net Name : Old Net Name=NetD4_2 New Net Name=NetD5_2
Change Net Name : Old Net Name=NetR14_2 New Net Name=NetR15_2
Change Net Name : Old Net Name=NetR15_2 New Net Name=NetR16_2
Change Net Name : Old Net Name=NetR16_2 New Net Name=NetR17_2
Change Net Name : Old Net Name=NetR18_2 New Net Name=NetR14_2
Change Net Name : Old Net Name=Vout New Net Name=NetQ2_3
Added Pin To Net: NetName=NetC10_1 Pin=C10-1
Added Pin To Net: NetName=NetC10_1 Pin=C14-1
Added Pin To Net: NetName=NetC10_1 Pin=C16-2
Added Pin To Net: NetName=NetC10_1 Pin=D3-2
Added Pin To Net: NetName=NetC10_1 Pin=H1-3
Added Pin To Net: NetName=NetC10_1 Pin=H7-2
Added Pin To Net: NetName=NetC10_1 Pin=R6-2
Added Pin To Net: NetName=NetC10_1 Pin=U3-3
Added Pin To Net: NetName=NetC10_1 Pin=U3-4
Added Net: Name=NetC10_1
Added Pin To Net: NetName=NetC13_1 Pin=C13-1
Added Pin To Net: NetName=NetC13_1 Pin=U3-6
Added Net: Name=NetC13_1
Added Pin To Net: NetName=VIN Pin=C17-2
Added Pin To Net: NetName=VIN Pin=R8-1
Added Pin To Net: NetName=VIN Pin=U5-2
Added Net: Name=VIN
Added Pin To Net: NetName=Vout Pin=C29-2
Added Pin To Net: NetName=Vout Pin=F3-1
Added Pin To Net: NetName=Vout Pin=H8-1
Added Pin To Net: NetName=Vout Pin=U5-12
Added Pin To Net: NetName=Vout Pin=U5-24
Added Net: Name=Vout
Added Member To Class: ClassName=Sheet1 Member=Component C4 10uf
Added Member To Class: ClassName=Sheet1 Member=Component C5 100nf
Added Member To Class: ClassName=Sheet1 Member=Component C8 100nf
Added Member To Class: ClassName=Sheet1 Member=Component C9 22uf
Added Member To Class: ClassName=Sheet1 Member=Component D2 À¶µÆ 0805
Added Member To Class: ClassName=Sheet1 Member=Component R3 1K
Added Member To Class: ClassName=Sheet1 Member=Component VR1 AMS1117-3.3
Added Room: Name=Sheet1
